<?xml version="1.0" encoding="UTF-8"?>
<!-- Generated by org.testng.reporters.JUnitXMLReporter -->
<testsuite ignored="0" hostname="DESKTOP-V6E6QIF" failures="1" tests="12" name="chromeTest" time="235.062" errors="0" timestamp="2025-05-17T20:22:05 EDT">
  <testcase classname="testCases.TC006_AddAffiliate" name="login" time="12.669"/>
  <testcase classname="testCases.TC01_LaunchApplication" name="testLaunchApplication" time="2.037"/>
  <testcase classname="testCases.TC03_AddToCart" name="testAddToCart" time="5.419"/>
  <testcase classname="testCases.TC_04_CompletePurchase" name="checkOut" time="10.67">
    <skipped/>
  </testcase> <!-- checkOut -->
  <testcase classname="testCases.TC_04_CompletePurchase" name="checkOut" time="71.361">
    <skipped/>
  </testcase> <!-- checkOut -->
  <testcase classname="testCases.TC_04_CompletePurchase" name="checkOut" time="70.673">
    <failure type="java.lang.AssertionError" message="Test failed due to unexpected error.">
      <![CDATA[java.lang.AssertionError: Test failed due to unexpected error.
at testCases.TC_04_CompletePurchase.checkOut(TC_04_CompletePurchase.java:78)
at java.base/java.util.ArrayList.forEach(ArrayList.java:1596)
at java.base/java.util.concurrent.FutureTask.run(FutureTask.java:317)
at java.base/java.util.concurrent.ThreadPoolExecutor.runWorker(ThreadPoolExecutor.java:1144)
at java.base/java.util.concurrent.ThreadPoolExecutor$Worker.run(ThreadPoolExecutor.java:642)
at java.base/java.lang.Thread.run(Thread.java:1583)
... Removed 16 stack frames]]>
    </failure>
  </testcase> <!-- checkOut -->
  <testcase classname="testCases.TC02_Login" name="testLogin" time="2.906"/>
  <testcase classname="testCases.TC02_Login" name="testLogin" time="2.601"/>
  <testcase classname="testCases.TC02_Login" name="testLogin" time="3.994"/>
  <testcase classname="testCases.TC02_Login" name="testLogin" time="3.987"/>
  <testcase classname="testCases.TC02_Login" name="testLogin" time="2.824"/>
  <testcase classname="testCases.TC05__AddToWishList" name="addToWishList" time="7.739"/>
</testsuite> <!-- chromeTest -->
