<?xml version="1.0" encoding="UTF-8"?>
<!-- Generated by org.testng.reporters.JUnitXMLReporter -->
<testsuite ignored="0" hostname="DESKTOP-V6E6QIF" failures="4" tests="18" name="firefoxTest" time="127.696" errors="0" timestamp="2025-05-21T16:20:30 EDT">
  <testcase classname="testCases.TC006_AddAffiliate" name="login" time="2.874">
    <skipped/>
  </testcase> <!-- login -->
  <testcase classname="testCases.TC006_AddAffiliate" name="login" time="0.076">
    <skipped/>
  </testcase> <!-- login -->
  <testcase classname="testCases.TC006_AddAffiliate" name="login" time="0.065">
    <failure type="java.lang.AssertionError" message="Test failed due to unexpected exception.">
      <![CDATA[java.lang.AssertionError: Test failed due to unexpected exception.
at testCases.TC006_AddAffiliate.login(TC006_AddAffiliate.java:65)
at java.base/java.util.ArrayList.forEach(ArrayList.java:1511)
at java.base/java.util.concurrent.FutureTask.run(FutureTask.java:264)
at java.base/java.util.concurrent.ThreadPoolExecutor.runWorker(ThreadPoolExecutor.java:1136)
at java.base/java.util.concurrent.ThreadPoolExecutor$Worker.run(ThreadPoolExecutor.java:635)
at java.base/java.lang.Thread.run(Thread.java:842)
... Removed 18 stack frames]]>
    </failure>
  </testcase> <!-- login -->
  <testcase classname="testCases.TC01_LaunchApplication" name="testLaunchApplication" time="0.206"/>
  <testcase classname="testCases.TC03_AddToCart" name="testAddToCart" time="1.909">
    <skipped/>
  </testcase> <!-- testAddToCart -->
  <testcase classname="testCases.TC03_AddToCart" name="testAddToCart" time="0.064">
    <skipped/>
  </testcase> <!-- testAddToCart -->
  <testcase classname="testCases.TC03_AddToCart" name="testAddToCart" time="0.079">
    <failure type="java.lang.AssertionError" message="Test failed due to unexpected error.">
      <![CDATA[java.lang.AssertionError: Test failed due to unexpected error.
at testCases.TC03_AddToCart.testAddToCart(TC03_AddToCart.java:53)
at java.base/java.util.ArrayList.forEach(ArrayList.java:1511)
at java.base/java.util.concurrent.FutureTask.run(FutureTask.java:264)
at java.base/java.util.concurrent.ThreadPoolExecutor.runWorker(ThreadPoolExecutor.java:1136)
at java.base/java.util.concurrent.ThreadPoolExecutor$Worker.run(ThreadPoolExecutor.java:635)
at java.base/java.lang.Thread.run(Thread.java:842)
... Removed 18 stack frames]]>
    </failure>
  </testcase> <!-- testAddToCart -->
  <testcase classname="testCases.TC_04_CompletePurchase" name="checkOut" time="1.312">
    <skipped/>
  </testcase> <!-- checkOut -->
  <testcase classname="testCases.TC_04_CompletePurchase" name="checkOut" time="0.938">
    <skipped/>
  </testcase> <!-- checkOut -->
  <testcase classname="testCases.TC_04_CompletePurchase" name="checkOut" time="0.067">
    <failure type="java.lang.AssertionError" message="Test failed due to unexpected error.">
      <![CDATA[java.lang.AssertionError: Test failed due to unexpected error.
at testCases.TC_04_CompletePurchase.checkOut(TC_04_CompletePurchase.java:78)
at java.base/java.util.ArrayList.forEach(ArrayList.java:1511)
at java.base/java.util.concurrent.FutureTask.run(FutureTask.java:264)
at java.base/java.util.concurrent.ThreadPoolExecutor.runWorker(ThreadPoolExecutor.java:1136)
at java.base/java.util.concurrent.ThreadPoolExecutor$Worker.run(ThreadPoolExecutor.java:635)
at java.base/java.lang.Thread.run(Thread.java:842)
... Removed 18 stack frames]]>
    </failure>
  </testcase> <!-- checkOut -->
  <testcase classname="testCases.TC02_Login" name="testLogin" time="3.104"/>
  <testcase classname="testCases.TC02_Login" name="testLogin" time="3.033"/>
  <testcase classname="testCases.TC02_Login" name="testLogin" time="2.706"/>
  <testcase classname="testCases.TC02_Login" name="testLogin" time="2.576"/>
  <testcase classname="testCases.TC02_Login" name="testLogin" time="2.666"/>
  <testcase classname="testCases.TC05__AddToWishList" name="addToWishList" time="1.018">
    <skipped/>
  </testcase> <!-- addToWishList -->
  <testcase classname="testCases.TC05__AddToWishList" name="addToWishList" time="0.954">
    <skipped/>
  </testcase> <!-- addToWishList -->
  <testcase classname="testCases.TC05__AddToWishList" name="addToWishList" time="0.324">
    <failure type="java.lang.AssertionError" message="Test failed due to unexpected exception.">
      <![CDATA[java.lang.AssertionError: Test failed due to unexpected exception.
at testCases.TC05__AddToWishList.addToWishList(TC05__AddToWishList.java:65)
at java.base/java.util.ArrayList.forEach(ArrayList.java:1511)
at java.base/java.util.concurrent.FutureTask.run(FutureTask.java:264)
at java.base/java.util.concurrent.ThreadPoolExecutor.runWorker(ThreadPoolExecutor.java:1136)
at java.base/java.util.concurrent.ThreadPoolExecutor$Worker.run(ThreadPoolExecutor.java:635)
at java.base/java.lang.Thread.run(Thread.java:842)
... Removed 18 stack frames]]>
    </failure>
  </testcase> <!-- addToWishList -->
</testsuite> <!-- firefoxTest -->
