<!DOCTYPE html PUBLIC "-//W3C//DTD XHTML 1.1//EN" "https://www.w3.org/TR/xhtml11/DTD/xhtml11.dtd">
<html xmlns="https://www.w3.org/1999/xhtml">
<head>
<meta http-equiv="content-type" content="text/html; charset=UTF-8"/>
<title>TestNG Report</title>
<style type="text/css">table {margin-bottom:10px;border-collapse:collapse;empty-cells:show}th,td {border:1px solid #009;padding:.25em .5em}th {vertical-align:bottom}td {vertical-align:top}table a {font-weight:bold}.stripe td {background-color: #E6EBF9}.num {text-align:right}.passedodd td {background-color: #3F3}.passedeven td {background-color: #0A0}.skippedodd td {background-color: #DDD}.skippedeven td {background-color: #CCC}.failedodd td,.attn {background-color: #F33}.failedeven td,.stripe .attn {background-color: #D00}.stacktrace {white-space:pre;font-family:monospace}.totop {font-size:85%;text-align:center;border-bottom:2px solid #000}.invisible {display:none}</style>
</head>
<body>
<table>
<tr><th>Test</th><th># Passed</th><th># Skipped</th><th># Retried</th><th># Failed</th><th>Time (ms)</th><th>Included Groups</th><th>Excluded Groups</th></tr>
<tr><th colspan="8">Suite</th></tr>
<tr><td><a href="#t0">chromeTest</a></td><td class="num">9</td><td class="num">0</td><td class="num attn">2</td><td class="num attn">1</td><td class="num">120,997</td><td>regression</td><td></td></tr>
<tr class="stripe"><td><a href="#t1">firefoxTest</a></td><td class="num">6</td><td class="num">0</td><td class="num attn">8</td><td class="num attn">4</td><td class="num">127,696</td><td>regression</td><td></td></tr>
<tr><th>Total</th><th class="num">15</th><th class="num">0</th><th class="num attn">10</th><th class="num attn">5</th><th class="num">248,693</th><th colspan="2"></th></tr>
</table>
<table id='summary'><thead><tr><th>Class</th><th>Method</th><th>Start</th><th>Time (ms)</th></tr></thead><tbody><tr><th colspan="4">Suite</th></tr></tbody><tbody id="t0"><tr><th colspan="4">chromeTest &#8212; failed</th></tr><tr class="failedeven"><td rowspan="1">testCases.TC05__AddToWishList</td><td><a href="#m0">addToWishList</a></td><td rowspan="1">1747858817869</td><td rowspan="1">4650</td></tr><tr><th colspan="4">chromeTest &#8212; retried</th></tr><tr class="retriedeven"><td rowspan="2">testCases.TC05__AddToWishList</td><td><a href="#m1">addToWishList</a></td><td rowspan="2">1747858806746</td><td rowspan="2">5815</td></tr><tr class="retriedeven"><td><a href="#m2">addToWishList</a></td></tr><tr><th colspan="4">chromeTest &#8212; passed</th></tr><tr class="passedeven"><td rowspan="1">testCases.TC006_AddAffiliate</td><td><a href="#m3">login</a></td><td rowspan="1">1747858710092</td><td rowspan="1">15171</td></tr><tr class="passedodd"><td rowspan="1">testCases.TC01_LaunchApplication</td><td><a href="#m4">testLaunchApplication</a></td><td rowspan="1">1747858731318</td><td rowspan="1">351</td></tr><tr class="passedeven"><td rowspan="5">testCases.TC02_Login</td><td><a href="#m5">testLogin</a></td><td rowspan="5">1747858793625</td><td rowspan="5">4132</td></tr><tr class="passedeven"><td><a href="#m6">testLogin</a></td></tr><tr class="passedeven"><td><a href="#m7">testLogin</a></td></tr><tr class="passedeven"><td><a href="#m8">testLogin</a></td></tr><tr class="passedeven"><td><a href="#m9">testLogin</a></td></tr><tr class="passedodd"><td rowspan="1">testCases.TC03_AddToCart</td><td><a href="#m10">testAddToCart</a></td><td rowspan="1">1747858735927</td><td rowspan="1">8142</td></tr><tr class="passedeven"><td rowspan="1">testCases.TC_04_CompletePurchase</td><td><a href="#m11">checkOut</a></td><td rowspan="1">1747858750123</td><td rowspan="1">20229</td></tr></tbody>
<tbody id="t1"><tr><th colspan="4">firefoxTest &#8212; failed</th></tr><tr class="failedeven"><td rowspan="1">testCases.TC006_AddAffiliate</td><td><a href="#m12">login</a></td><td rowspan="1">1747858726651</td><td rowspan="1">65</td></tr><tr class="failedodd"><td rowspan="1">testCases.TC03_AddToCart</td><td><a href="#m13">testAddToCart</a></td><td rowspan="1">1747858764860</td><td rowspan="1">79</td></tr><tr class="failedeven"><td rowspan="1">testCases.TC05__AddToWishList</td><td><a href="#m14">addToWishList</a></td><td rowspan="1">1747858827862</td><td rowspan="1">324</td></tr><tr class="failedodd"><td rowspan="1">testCases.TC_04_CompletePurchase</td><td><a href="#m15">checkOut</a></td><td rowspan="1">1747858783633</td><td rowspan="1">67</td></tr><tr><th colspan="4">firefoxTest &#8212; retried</th></tr><tr class="retriedeven"><td rowspan="2">testCases.TC006_AddAffiliate</td><td><a href="#m16">login</a></td><td rowspan="2">1747858723689</td><td rowspan="2">2874</td></tr><tr class="retriedeven"><td><a href="#m17">login</a></td></tr><tr class="retriedodd"><td rowspan="2">testCases.TC03_AddToCart</td><td><a href="#m18">testAddToCart</a></td><td rowspan="2">1747858762882</td><td rowspan="2">1909</td></tr><tr class="retriedodd"><td><a href="#m19">testAddToCart</a></td></tr><tr class="retriedeven"><td rowspan="2">testCases.TC05__AddToWishList</td><td><a href="#m20">addToWishList</a></td><td rowspan="2">1747858825885</td><td rowspan="2">1018</td></tr><tr class="retriedeven"><td><a href="#m21">addToWishList</a></td></tr><tr class="retriedodd"><td rowspan="2">testCases.TC_04_CompletePurchase</td><td><a href="#m22">checkOut</a></td><td rowspan="2">1747858781374</td><td rowspan="2">1312</td></tr><tr class="retriedodd"><td><a href="#m23">checkOut</a></td></tr><tr><th colspan="4">firefoxTest &#8212; passed</th></tr><tr class="passedeven"><td rowspan="1">testCases.TC01_LaunchApplication</td><td><a href="#m24">testLaunchApplication</a></td><td rowspan="1">1747858745599</td><td rowspan="1">206</td></tr><tr class="passedodd"><td rowspan="5">testCases.TC02_Login</td><td><a href="#m25">testLogin</a></td><td rowspan="5">1747858802673</td><td rowspan="5">3033</td></tr><tr class="passedodd"><td><a href="#m26">testLogin</a></td></tr><tr class="passedodd"><td><a href="#m27">testLogin</a></td></tr><tr class="passedodd"><td><a href="#m28">testLogin</a></td></tr><tr class="passedodd"><td><a href="#m29">testLogin</a></td></tr></tbody>
</table>
<h2>chromeTest</h2><h3 id="m0">testCases.TC05__AddToWishList#addToWishList</h3><table class="result"><tr><th>Exception</th></tr><tr><td><div class="stacktrace">java.lang.AssertionError: Test failed due to unexpected exception.
	at testCases.TC05__AddToWishList.addToWishList(TC05__AddToWishList.java:65)
	at java.base/java.util.ArrayList.forEach(ArrayList.java:1511)
	at java.base/java.util.concurrent.FutureTask.run(FutureTask.java:264)
	at java.base/java.util.concurrent.ThreadPoolExecutor.runWorker(ThreadPoolExecutor.java:1136)
	at java.base/java.util.concurrent.ThreadPoolExecutor$Worker.run(ThreadPoolExecutor.java:635)
	at java.base/java.lang.Thread.run(Thread.java:842)
... Removed 18 stack frames</div></td></tr></table><p class="totop"><a href="#summary">back to summary</a></p>
<h3 id="m1">testCases.TC05__AddToWishList#addToWishList</h3><table class="result"><tr><th>Exception</th></tr><tr><td><div class="stacktrace">java.lang.AssertionError: Test failed due to unexpected exception.
	at testCases.TC05__AddToWishList.addToWishList(TC05__AddToWishList.java:65)
	at java.base/java.util.ArrayList.forEach(ArrayList.java:1511)
	at java.base/java.util.concurrent.FutureTask.run(FutureTask.java:264)
	at java.base/java.util.concurrent.ThreadPoolExecutor.runWorker(ThreadPoolExecutor.java:1136)
	at java.base/java.util.concurrent.ThreadPoolExecutor$Worker.run(ThreadPoolExecutor.java:635)
	at java.base/java.lang.Thread.run(Thread.java:842)
... Removed 18 stack frames</div></td></tr></table><p class="totop"><a href="#summary">back to summary</a></p>
<h3 id="m2">testCases.TC05__AddToWishList#addToWishList</h3><table class="result"><tr><th>Exception</th></tr><tr><td><div class="stacktrace">java.lang.AssertionError: Test failed due to unexpected exception.
	at testCases.TC05__AddToWishList.addToWishList(TC05__AddToWishList.java:65)
	at java.base/java.util.ArrayList.forEach(ArrayList.java:1511)
	at java.base/java.util.concurrent.FutureTask.run(FutureTask.java:264)
	at java.base/java.util.concurrent.ThreadPoolExecutor.runWorker(ThreadPoolExecutor.java:1136)
	at java.base/java.util.concurrent.ThreadPoolExecutor$Worker.run(ThreadPoolExecutor.java:635)
	at java.base/java.lang.Thread.run(Thread.java:842)
... Removed 18 stack frames</div></td></tr></table><p class="totop"><a href="#summary">back to summary</a></p>
<h3 id="m3">testCases.TC006_AddAffiliate#login</h3><table class="result"><tr><th class="invisible"/></tr></table><p class="totop"><a href="#summary">back to summary</a></p>
<h3 id="m4">testCases.TC01_LaunchApplication#testLaunchApplication</h3><table class="result"><tr><th class="invisible"/></tr></table><p class="totop"><a href="#summary">back to summary</a></p>
<h3 id="m5">testCases.TC02_Login#testLogin</h3><table class="result"><tr class="param"><th>Parameter #1</th><th>Parameter #2</th></tr><tr class="param stripe"><td>hichamkhachiai@gmail.com</td><td>hicham123</td></tr></table><p class="totop"><a href="#summary">back to summary</a></p>
<h3 id="m6">testCases.TC02_Login#testLogin</h3><table class="result"><tr class="param"><th>Parameter #1</th><th>Parameter #2</th></tr><tr class="param stripe"><td>sid@cloudberry.services</td><td>Test123</td></tr></table><p class="totop"><a href="#summary">back to summary</a></p>
<h3 id="m7">testCases.TC02_Login#testLogin</h3><table class="result"><tr class="param"><th>Parameter #1</th><th>Parameter #2</th></tr><tr class="param stripe"><td>apushedwoman@gmail.com</td><td>password123</td></tr></table><p class="totop"><a href="#summary">back to summary</a></p>
<h3 id="m8">testCases.TC02_Login#testLogin</h3><table class="result"><tr class="param"><th>Parameter #1</th><th>Parameter #2</th></tr><tr class="param stripe"><td>egobekee@gmail.com</td><td>user123</td></tr></table><p class="totop"><a href="#summary">back to summary</a></p>
<h3 id="m9">testCases.TC02_Login#testLogin</h3><table class="result"><tr class="param"><th>Parameter #1</th><th>Parameter #2</th></tr><tr class="param stripe"><td>ezinneokorbassey5@gmail.com</td><td>user123</td></tr></table><p class="totop"><a href="#summary">back to summary</a></p>
<h3 id="m10">testCases.TC03_AddToCart#testAddToCart</h3><table class="result"><tr><th class="invisible"/></tr></table><p class="totop"><a href="#summary">back to summary</a></p>
<h3 id="m11">testCases.TC_04_CompletePurchase#checkOut</h3><table class="result"><tr><th class="invisible"/></tr></table><p class="totop"><a href="#summary">back to summary</a></p>
<h2>firefoxTest</h2><h3 id="m12">testCases.TC006_AddAffiliate#login</h3><table class="result"><tr><th>Exception</th></tr><tr><td><div class="stacktrace">java.lang.AssertionError: Test failed due to unexpected exception.
	at testCases.TC006_AddAffiliate.login(TC006_AddAffiliate.java:65)
	at java.base/java.util.ArrayList.forEach(ArrayList.java:1511)
	at java.base/java.util.concurrent.FutureTask.run(FutureTask.java:264)
	at java.base/java.util.concurrent.ThreadPoolExecutor.runWorker(ThreadPoolExecutor.java:1136)
	at java.base/java.util.concurrent.ThreadPoolExecutor$Worker.run(ThreadPoolExecutor.java:635)
	at java.base/java.lang.Thread.run(Thread.java:842)
... Removed 18 stack frames</div></td></tr></table><p class="totop"><a href="#summary">back to summary</a></p>
<h3 id="m13">testCases.TC03_AddToCart#testAddToCart</h3><table class="result"><tr><th>Exception</th></tr><tr><td><div class="stacktrace">java.lang.AssertionError: Test failed due to unexpected error.
	at testCases.TC03_AddToCart.testAddToCart(TC03_AddToCart.java:53)
	at java.base/java.util.ArrayList.forEach(ArrayList.java:1511)
	at java.base/java.util.concurrent.FutureTask.run(FutureTask.java:264)
	at java.base/java.util.concurrent.ThreadPoolExecutor.runWorker(ThreadPoolExecutor.java:1136)
	at java.base/java.util.concurrent.ThreadPoolExecutor$Worker.run(ThreadPoolExecutor.java:635)
	at java.base/java.lang.Thread.run(Thread.java:842)
... Removed 18 stack frames</div></td></tr></table><p class="totop"><a href="#summary">back to summary</a></p>
<h3 id="m14">testCases.TC05__AddToWishList#addToWishList</h3><table class="result"><tr><th>Exception</th></tr><tr><td><div class="stacktrace">java.lang.AssertionError: Test failed due to unexpected exception.
	at testCases.TC05__AddToWishList.addToWishList(TC05__AddToWishList.java:65)
	at java.base/java.util.ArrayList.forEach(ArrayList.java:1511)
	at java.base/java.util.concurrent.FutureTask.run(FutureTask.java:264)
	at java.base/java.util.concurrent.ThreadPoolExecutor.runWorker(ThreadPoolExecutor.java:1136)
	at java.base/java.util.concurrent.ThreadPoolExecutor$Worker.run(ThreadPoolExecutor.java:635)
	at java.base/java.lang.Thread.run(Thread.java:842)
... Removed 18 stack frames</div></td></tr></table><p class="totop"><a href="#summary">back to summary</a></p>
<h3 id="m15">testCases.TC_04_CompletePurchase#checkOut</h3><table class="result"><tr><th>Exception</th></tr><tr><td><div class="stacktrace">java.lang.AssertionError: Test failed due to unexpected error.
	at testCases.TC_04_CompletePurchase.checkOut(TC_04_CompletePurchase.java:78)
	at java.base/java.util.ArrayList.forEach(ArrayList.java:1511)
	at java.base/java.util.concurrent.FutureTask.run(FutureTask.java:264)
	at java.base/java.util.concurrent.ThreadPoolExecutor.runWorker(ThreadPoolExecutor.java:1136)
	at java.base/java.util.concurrent.ThreadPoolExecutor$Worker.run(ThreadPoolExecutor.java:635)
	at java.base/java.lang.Thread.run(Thread.java:842)
... Removed 18 stack frames</div></td></tr></table><p class="totop"><a href="#summary">back to summary</a></p>
<h3 id="m16">testCases.TC006_AddAffiliate#login</h3><table class="result"><tr><th>Exception</th></tr><tr><td><div class="stacktrace">java.lang.AssertionError: Test failed due to unexpected exception.
	at testCases.TC006_AddAffiliate.login(TC006_AddAffiliate.java:65)
	at java.base/java.util.ArrayList.forEach(ArrayList.java:1511)
	at java.base/java.util.concurrent.FutureTask.run(FutureTask.java:264)
	at java.base/java.util.concurrent.ThreadPoolExecutor.runWorker(ThreadPoolExecutor.java:1136)
	at java.base/java.util.concurrent.ThreadPoolExecutor$Worker.run(ThreadPoolExecutor.java:635)
	at java.base/java.lang.Thread.run(Thread.java:842)
... Removed 18 stack frames</div></td></tr></table><p class="totop"><a href="#summary">back to summary</a></p>
<h3 id="m17">testCases.TC006_AddAffiliate#login</h3><table class="result"><tr><th>Exception</th></tr><tr><td><div class="stacktrace">java.lang.AssertionError: Test failed due to unexpected exception.
	at testCases.TC006_AddAffiliate.login(TC006_AddAffiliate.java:65)
	at java.base/java.util.ArrayList.forEach(ArrayList.java:1511)
	at java.base/java.util.concurrent.FutureTask.run(FutureTask.java:264)
	at java.base/java.util.concurrent.ThreadPoolExecutor.runWorker(ThreadPoolExecutor.java:1136)
	at java.base/java.util.concurrent.ThreadPoolExecutor$Worker.run(ThreadPoolExecutor.java:635)
	at java.base/java.lang.Thread.run(Thread.java:842)
... Removed 18 stack frames</div></td></tr></table><p class="totop"><a href="#summary">back to summary</a></p>
<h3 id="m18">testCases.TC03_AddToCart#testAddToCart</h3><table class="result"><tr><th>Exception</th></tr><tr><td><div class="stacktrace">java.lang.AssertionError: Test failed due to unexpected error.
	at testCases.TC03_AddToCart.testAddToCart(TC03_AddToCart.java:53)
	at java.base/java.util.ArrayList.forEach(ArrayList.java:1511)
	at java.base/java.util.concurrent.FutureTask.run(FutureTask.java:264)
	at java.base/java.util.concurrent.ThreadPoolExecutor.runWorker(ThreadPoolExecutor.java:1136)
	at java.base/java.util.concurrent.ThreadPoolExecutor$Worker.run(ThreadPoolExecutor.java:635)
	at java.base/java.lang.Thread.run(Thread.java:842)
... Removed 18 stack frames</div></td></tr></table><p class="totop"><a href="#summary">back to summary</a></p>
<h3 id="m19">testCases.TC03_AddToCart#testAddToCart</h3><table class="result"><tr><th>Exception</th></tr><tr><td><div class="stacktrace">java.lang.AssertionError: Test failed due to unexpected error.
	at testCases.TC03_AddToCart.testAddToCart(TC03_AddToCart.java:53)
	at java.base/java.util.ArrayList.forEach(ArrayList.java:1511)
	at java.base/java.util.concurrent.FutureTask.run(FutureTask.java:264)
	at java.base/java.util.concurrent.ThreadPoolExecutor.runWorker(ThreadPoolExecutor.java:1136)
	at java.base/java.util.concurrent.ThreadPoolExecutor$Worker.run(ThreadPoolExecutor.java:635)
	at java.base/java.lang.Thread.run(Thread.java:842)
... Removed 18 stack frames</div></td></tr></table><p class="totop"><a href="#summary">back to summary</a></p>
<h3 id="m20">testCases.TC05__AddToWishList#addToWishList</h3><table class="result"><tr><th>Exception</th></tr><tr><td><div class="stacktrace">java.lang.AssertionError: Test failed due to unexpected exception.
	at testCases.TC05__AddToWishList.addToWishList(TC05__AddToWishList.java:65)
	at java.base/java.util.ArrayList.forEach(ArrayList.java:1511)
	at java.base/java.util.concurrent.FutureTask.run(FutureTask.java:264)
	at java.base/java.util.concurrent.ThreadPoolExecutor.runWorker(ThreadPoolExecutor.java:1136)
	at java.base/java.util.concurrent.ThreadPoolExecutor$Worker.run(ThreadPoolExecutor.java:635)
	at java.base/java.lang.Thread.run(Thread.java:842)
... Removed 18 stack frames</div></td></tr></table><p class="totop"><a href="#summary">back to summary</a></p>
<h3 id="m21">testCases.TC05__AddToWishList#addToWishList</h3><table class="result"><tr><th>Exception</th></tr><tr><td><div class="stacktrace">java.lang.AssertionError: Test failed due to unexpected exception.
	at testCases.TC05__AddToWishList.addToWishList(TC05__AddToWishList.java:65)
	at java.base/java.util.ArrayList.forEach(ArrayList.java:1511)
	at java.base/java.util.concurrent.FutureTask.run(FutureTask.java:264)
	at java.base/java.util.concurrent.ThreadPoolExecutor.runWorker(ThreadPoolExecutor.java:1136)
	at java.base/java.util.concurrent.ThreadPoolExecutor$Worker.run(ThreadPoolExecutor.java:635)
	at java.base/java.lang.Thread.run(Thread.java:842)
... Removed 18 stack frames</div></td></tr></table><p class="totop"><a href="#summary">back to summary</a></p>
<h3 id="m22">testCases.TC_04_CompletePurchase#checkOut</h3><table class="result"><tr><th>Exception</th></tr><tr><td><div class="stacktrace">java.lang.AssertionError: Test failed due to unexpected error.
	at testCases.TC_04_CompletePurchase.checkOut(TC_04_CompletePurchase.java:78)
	at java.base/java.util.ArrayList.forEach(ArrayList.java:1511)
	at java.base/java.util.concurrent.FutureTask.run(FutureTask.java:264)
	at java.base/java.util.concurrent.ThreadPoolExecutor.runWorker(ThreadPoolExecutor.java:1136)
	at java.base/java.util.concurrent.ThreadPoolExecutor$Worker.run(ThreadPoolExecutor.java:635)
	at java.base/java.lang.Thread.run(Thread.java:842)
... Removed 18 stack frames</div></td></tr></table><p class="totop"><a href="#summary">back to summary</a></p>
<h3 id="m23">testCases.TC_04_CompletePurchase#checkOut</h3><table class="result"><tr><th>Exception</th></tr><tr><td><div class="stacktrace">java.lang.AssertionError: Test failed due to unexpected error.
	at testCases.TC_04_CompletePurchase.checkOut(TC_04_CompletePurchase.java:78)
	at java.base/java.util.ArrayList.forEach(ArrayList.java:1511)
	at java.base/java.util.concurrent.FutureTask.run(FutureTask.java:264)
	at java.base/java.util.concurrent.ThreadPoolExecutor.runWorker(ThreadPoolExecutor.java:1136)
	at java.base/java.util.concurrent.ThreadPoolExecutor$Worker.run(ThreadPoolExecutor.java:635)
	at java.base/java.lang.Thread.run(Thread.java:842)
... Removed 18 stack frames</div></td></tr></table><p class="totop"><a href="#summary">back to summary</a></p>
<h3 id="m24">testCases.TC01_LaunchApplication#testLaunchApplication</h3><table class="result"><tr><th class="invisible"/></tr></table><p class="totop"><a href="#summary">back to summary</a></p>
<h3 id="m25">testCases.TC02_Login#testLogin</h3><table class="result"><tr class="param"><th>Parameter #1</th><th>Parameter #2</th></tr><tr class="param stripe"><td>egobekee@gmail.com</td><td>user123</td></tr></table><p class="totop"><a href="#summary">back to summary</a></p>
<h3 id="m26">testCases.TC02_Login#testLogin</h3><table class="result"><tr class="param"><th>Parameter #1</th><th>Parameter #2</th></tr><tr class="param stripe"><td>hichamkhachiai@gmail.com</td><td>hicham123</td></tr></table><p class="totop"><a href="#summary">back to summary</a></p>
<h3 id="m27">testCases.TC02_Login#testLogin</h3><table class="result"><tr class="param"><th>Parameter #1</th><th>Parameter #2</th></tr><tr class="param stripe"><td>ezinneokorbassey5@gmail.com</td><td>user123</td></tr></table><p class="totop"><a href="#summary">back to summary</a></p>
<h3 id="m28">testCases.TC02_Login#testLogin</h3><table class="result"><tr class="param"><th>Parameter #1</th><th>Parameter #2</th></tr><tr class="param stripe"><td>apushedwoman@gmail.com</td><td>password123</td></tr></table><p class="totop"><a href="#summary">back to summary</a></p>
<h3 id="m29">testCases.TC02_Login#testLogin</h3><table class="result"><tr class="param"><th>Parameter #1</th><th>Parameter #2</th></tr><tr class="param stripe"><td>sid@cloudberry.services</td><td>Test123</td></tr></table><p class="totop"><a href="#summary">back to summary</a></p>
</body>
</html>
